生成启动时间为 2019/10/20 21:12:10。
     1>项目“C:\Users\杨冬\Documents\Visual Studio 2013\Projects\Test\Test(本地仓库)\C++_Test0922(vector)\C++_Test0922(vector)\C++_Test0922(vector).vcxproj”在节点 2 上(Build 个目标)。
     1>ClCompile:
         D:\c语言\VS2013\VC\bin\CL.exe /c /ZI /nologo /W3 /WX- /sdl /Od /Oy- /D _MBCS /Gm /EHsc /RTC1 /MDd /GS /fp:precise /Zc:wchar_t /Zc:forScope /Fo"Debug\\" /Fd"Debug\vc120.pdb" /Gd /TP /analyze- /errorReport:prompt Vector.cpp main.cpp
         Vector.cpp
     1>c:\users\杨冬\documents\visual studio 2013\projects\test\test(本地仓库)\c++_test0922(vector)\c++_test0922(vector)\vector.cpp(5): warning C4346: “Bit::vector<T>::iterator”: 依赖名称不是类型
                 用“typename”为前缀来表示类型
     1>c:\users\杨冬\documents\visual studio 2013\projects\test\test(本地仓库)\c++_test0922(vector)\c++_test0922(vector)\vector.cpp(5): error C2146: 语法错误: 缺少“;”(在标识符“begin”的前面)
     1>c:\users\杨冬\documents\visual studio 2013\projects\test\test(本地仓库)\c++_test0922(vector)\c++_test0922(vector)\vector.cpp(8): error C4430: 缺少类型说明符 - 假定为 int。注意:  C++ 不支持默认 int
     1>c:\users\杨冬\documents\visual studio 2013\projects\test\test(本地仓库)\c++_test0922(vector)\c++_test0922(vector)\vector.cpp(10): warning C4346: “Bit::vector<T>::iterator”: 依赖名称不是类型
                 用“typename”为前缀来表示类型
     1>c:\users\杨冬\documents\visual studio 2013\projects\test\test(本地仓库)\c++_test0922(vector)\c++_test0922(vector)\vector.cpp(10): error C2146: 语法错误: 缺少“;”(在标识符“end”的前面)
     1>c:\users\杨冬\documents\visual studio 2013\projects\test\test(本地仓库)\c++_test0922(vector)\c++_test0922(vector)\vector.cpp(13): error C4430: 缺少类型说明符 - 假定为 int。注意:  C++ 不支持默认 int
         正在生成代码...
         正在跳过...(未检测到相关更改)
         main.cpp
     1>已完成生成项目“C:\Users\杨冬\Documents\Visual Studio 2013\Projects\Test\Test(本地仓库)\C++_Test0922(vector)\C++_Test0922(vector)\C++_Test0922(vector).vcxproj”(Build 个目标)的操作 - 失败。

生成失败。

已用时间 00:00:03.68
