生成启动时间为 2019/5/8 20:15:09。
     1>项目“C:\Users\杨冬\documents\visual studio 2013\Projects\NC_Day0508\NC_Day0508\NC_Day0508.vcxproj”在节点 2 上(Build 个目标)。
     1>ClCompile:
         D:\c语言\VS2013\VC\bin\CL.exe /c /ZI /nologo /W3 /WX- /sdl /Od /Oy- /D _MBCS /Gm /EHsc /RTC1 /MDd /GS /fp:precise /Zc:wchar_t /Zc:forScope /Fo"Debug\\" /Fd"Debug\vc120.pdb" /Gd /TC /analyze- /errorReport:prompt main.c
         main.c
     1>c:\users\杨冬\documents\visual studio 2013\projects\nc_day0508\nc_day0508\main.c(100): error C2065: “n”: 未声明的标识符
     1>c:\users\杨冬\documents\visual studio 2013\projects\nc_day0508\nc_day0508\main.c(102): warning C4013: “sort”未定义；假设外部返回 int
     1>c:\users\杨冬\documents\visual studio 2013\projects\nc_day0508\nc_day0508\main.c(102): error C2065: “n”: 未声明的标识符
     1>c:\users\杨冬\documents\visual studio 2013\projects\nc_day0508\nc_day0508\main.c(104): error C2109: 下标要求数组或指针类型
     1>c:\users\杨冬\documents\visual studio 2013\projects\nc_day0508\nc_day0508\main.c(105): error C2065: “sum”: 未声明的标识符
     1>c:\users\杨冬\documents\visual studio 2013\projects\nc_day0508\nc_day0508\main.c(105): error C2109: 下标要求数组或指针类型
     1>c:\users\杨冬\documents\visual studio 2013\projects\nc_day0508\nc_day0508\main.c(108): error C2146: 语法错误: 缺少“;”(在标识符“system”的前面)
     1>已完成生成项目“C:\Users\杨冬\documents\visual studio 2013\Projects\NC_Day0508\NC_Day0508\NC_Day0508.vcxproj”(Build 个目标)的操作 - 失败。

生成失败。

已用时间 00:00:00.84
